# JRE version: OpenJDK Runtime Environment AdoptOpenJDK (11.0.9+11) (build 11.0.9+11)
# Java VM: OpenJDK 64-Bit Server VM AdoptOpenJDK (11.0.9+11, mixed mode, tiered, compressed oops, g1 gc, windows-amd64)
Heap:
 garbage-first heap   total 129024K, used 8868K [0x0000000082c00000, 0x0000000100000000)
  region size 1024K, 2 young (2048K), 2 survivors (2048K)
 Metaspace       used 18589K, capacity 19267K, committed 19328K, reserved 1089536K
  class space    used 2156K, capacity 2411K, committed 2432K, reserved 1048576K
GC Heap History (6 events):
Event: 10.011 GC heap before
{Heap before GC invocations=0 (full 0):
 garbage-first heap   total 129024K, used 24576K [0x0000000082c00000, 0x0000000100000000)
  region size 1024K, 24 young (24576K), 0 survivors (0K)
 Metaspace       used 14086K, capacity 14488K, committed 14720K, reserved 1062912K
  class space    used 1483K, capacity 1600K, committed 1664K, reserved 1048576K
}
Event: 10.025 GC heap after
{Heap after GC invocations=1 (full 0):
 garbage-first heap   total 129024K, used 7217K [0x0000000082c00000, 0x0000000100000000)
  region size 1024K, 3 young (3072K), 3 survivors (3072K)
 Metaspace       used 14086K, capacity 14488K, committed 14720K, reserved 1062912K
  class space    used 1483K, capacity 1600K, committed 1664K, reserved 1048576K
}
Event: 10.473 GC heap before
{Heap before GC invocations=1 (full 0):
 garbage-first heap   total 129024K, used 23601K [0x0000000082c00000, 0x0000000100000000)
  region size 1024K, 20 young (20480K), 3 survivors (3072K)
 Metaspace       used 17452K, capacity 17972K, committed 18048K, reserved 1073152K
  class space    used 1952K, capacity 2151K, committed 2176K, reserved 1048576K
}
Event: 10.483 GC heap after
{Heap after GC invocations=2 (full 0):
 garbage-first heap   total 129024K, used 8475K [0x0000000082c00000, 0x0000000100000000)
  region size 1024K, 2 young (2048K), 2 survivors (2048K)
 Metaspace       used 17452K, capacity 17972K, committed 18048K, reserved 1073152K
  class space    used 1952K, capacity 2151K, committed 2176K, reserved 1048576K
}
Event: 10.686 GC heap before
{Heap before GC invocations=3 (full 0):
 garbage-first heap   total 129024K, used 15643K [0x0000000082c00000, 0x0000000100000000)
  region size 1024K, 10 young (10240K), 2 survivors (2048K)
 Metaspace       used 18589K, capacity 19267K, committed 19328K, reserved 1087488K
  class space    used 2156K, capacity 2411K, committed 2432K, reserved 1048576K
}
Event: 10.690 GC heap after
{Heap after GC invocations=4 (full 0):
 garbage-first heap   total 129024K, used 8868K [0x0000000082c00000, 0x0000000100000000)
  region size 1024K, 2 young (2048K), 2 survivors (2048K)
 Metaspace       used 18589K, capacity 19267K, committed 19328K, reserved 1087488K
  class space    used 2156K, capacity 2411K, committed 2432K, reserved 1048576K
}

